<?xml version="1.0" encoding="UTF-8"?>
<!-- Generated by org.testng.reporters.JUnitReportReporter -->
<testsuite skipped="0" hostname="MacBook-Pro-Benazir.local" name="runners.MainRunner" tests="4" failures="0" timestamp="06 Aug 2018 14:39:38 GMT" time="4.898" errors="0">
  <testcase name="runScenario" time="0.727" classname="runners.MainRunner"/>
  <testcase name="runScenario" time="3.011" classname="runners.MainRunner"/>
  <testcase name="runScenario" time="0.581" classname="runners.MainRunner"/>
  <testcase name="runScenario" time="0.579" classname="runners.MainRunner"/>
</testsuite> <!-- runners.MainRunner -->
